I, [2022-10-31T16:24:27.089837 #321159]  INFO -- Kitchen: -----> Starting Test Kitchen (v3.3.1)
I, [2022-10-31T16:24:27.651059 #321159]  INFO -- Kitchen: -----> Converging <default-ubuntu-2004>...
E, [2022-10-31T16:25:03.413947 #321159] ERROR -- Kitchen: ------Exception-------
E, [2022-10-31T16:25:03.413991 #321159] ERROR -- Kitchen: Class: Kitchen::ActionFailed
E, [2022-10-31T16:25:03.414009 #321159] ERROR -- Kitchen: Message: 1 actions failed.
>>>>>>     Converge failed on instance <default-ubuntu-2004>.  Please see .kitchen/logs/default-ubuntu-2004.log for more details
E, [2022-10-31T16:25:03.414033 #321159] ERROR -- Kitchen: ----------------------
E, [2022-10-31T16:25:03.414048 #321159] ERROR -- Kitchen: ------Backtrace-------
E, [2022-10-31T16:25:03.414060 #321159] ERROR -- Kitchen: /opt/chef-workstation/embedded/lib/ruby/gems/3.0.0/gems/test-kitchen-3.3.1/lib/kitchen/command.rb:181:in `report_errors'
E, [2022-10-31T16:25:03.414080 #321159] ERROR -- Kitchen: /opt/chef-workstation/embedded/lib/ruby/gems/3.0.0/gems/test-kitchen-3.3.1/lib/kitchen/command.rb:172:in `run_action'
E, [2022-10-31T16:25:03.414101 #321159] ERROR -- Kitchen: /opt/chef-workstation/embedded/lib/ruby/gems/3.0.0/gems/test-kitchen-3.3.1/lib/kitchen/command/action.rb:35:in `block in call'
E, [2022-10-31T16:25:03.414116 #321159] ERROR -- Kitchen: /opt/chef-workstation/embedded/lib/ruby/3.0.0/benchmark.rb:293:in `measure'
E, [2022-10-31T16:25:03.414127 #321159] ERROR -- Kitchen: /opt/chef-workstation/embedded/lib/ruby/gems/3.0.0/gems/test-kitchen-3.3.1/lib/kitchen/command/action.rb:33:in `call'
E, [2022-10-31T16:25:03.414144 #321159] ERROR -- Kitchen: /opt/chef-workstation/embedded/lib/ruby/gems/3.0.0/gems/test-kitchen-3.3.1/lib/kitchen/cli.rb:52:in `perform'
E, [2022-10-31T16:25:03.414157 #321159] ERROR -- Kitchen: /opt/chef-workstation/embedded/lib/ruby/gems/3.0.0/gems/test-kitchen-3.3.1/lib/kitchen/cli.rb:198:in `block (2 levels) in <class:CLI>'
E, [2022-10-31T16:25:03.414384 #321159] ERROR -- Kitchen: /opt/chef-workstation/embedded/lib/ruby/gems/3.0.0/gems/thor-1.2.1/lib/thor/command.rb:27:in `run'
E, [2022-10-31T16:25:03.414402 #321159] ERROR -- Kitchen: /opt/chef-workstation/embedded/lib/ruby/gems/3.0.0/gems/thor-1.2.1/lib/thor/invocation.rb:127:in `invoke_command'
E, [2022-10-31T16:25:03.414414 #321159] ERROR -- Kitchen: /opt/chef-workstation/embedded/lib/ruby/gems/3.0.0/gems/thor-1.2.1/lib/thor.rb:392:in `dispatch'
E, [2022-10-31T16:25:03.414425 #321159] ERROR -- Kitchen: /opt/chef-workstation/embedded/lib/ruby/gems/3.0.0/gems/thor-1.2.1/lib/thor/base.rb:485:in `start'
E, [2022-10-31T16:25:03.414439 #321159] ERROR -- Kitchen: /opt/chef-workstation/embedded/lib/ruby/gems/3.0.0/gems/test-kitchen-3.3.1/bin/kitchen:11:in `block in <top (required)>'
E, [2022-10-31T16:25:03.414455 #321159] ERROR -- Kitchen: /opt/chef-workstation/embedded/lib/ruby/gems/3.0.0/gems/test-kitchen-3.3.1/lib/kitchen/errors.rb:183:in `with_friendly_errors'
E, [2022-10-31T16:25:03.414468 #321159] ERROR -- Kitchen: /opt/chef-workstation/embedded/lib/ruby/gems/3.0.0/gems/test-kitchen-3.3.1/bin/kitchen:11:in `<top (required)>'
E, [2022-10-31T16:25:03.414479 #321159] ERROR -- Kitchen: /opt/chef-workstation/bin/kitchen:389:in `load'
E, [2022-10-31T16:25:03.414490 #321159] ERROR -- Kitchen: /opt/chef-workstation/bin/kitchen:389:in `<main>'
E, [2022-10-31T16:25:03.414505 #321159] ERROR -- Kitchen: ----End Backtrace-----
E, [2022-10-31T16:25:03.414518 #321159] ERROR -- Kitchen: -Composite Exception--
E, [2022-10-31T16:25:03.414531 #321159] ERROR -- Kitchen: Class: Kitchen::InstanceFailure
E, [2022-10-31T16:25:03.414545 #321159] ERROR -- Kitchen: Message: Converge failed on instance <default-ubuntu-2004>.  Please see .kitchen/logs/default-ubuntu-2004.log for more details
E, [2022-10-31T16:25:03.414556 #321159] ERROR -- Kitchen: ----------------------
E, [2022-10-31T16:25:03.414576 #321159] ERROR -- Kitchen: ------Backtrace-------
E, [2022-10-31T16:25:03.414590 #321159] ERROR -- Kitchen: /opt/chef-workstation/embedded/lib/ruby/gems/3.0.0/gems/test-kitchen-3.3.1/lib/kitchen/provisioner/base.rb:99:in `rescue in call'
E, [2022-10-31T16:25:03.414610 #321159] ERROR -- Kitchen: /opt/chef-workstation/embedded/lib/ruby/gems/3.0.0/gems/test-kitchen-3.3.1/lib/kitchen/provisioner/base.rb:98:in `call'
E, [2022-10-31T16:25:03.414627 #321159] ERROR -- Kitchen: /opt/chef-workstation/embedded/lib/ruby/gems/3.0.0/gems/test-kitchen-3.3.1/lib/kitchen/instance.rb:419:in `block in converge_action'
E, [2022-10-31T16:25:03.414640 #321159] ERROR -- Kitchen: /opt/chef-workstation/embedded/lib/ruby/gems/3.0.0/gems/test-kitchen-3.3.1/lib/kitchen/instance.rb:563:in `synchronize_or_call'
E, [2022-10-31T16:25:03.414652 #321159] ERROR -- Kitchen: /opt/chef-workstation/embedded/lib/ruby/gems/3.0.0/gems/test-kitchen-3.3.1/lib/kitchen/instance.rb:524:in `block in action'
E, [2022-10-31T16:25:03.414666 #321159] ERROR -- Kitchen: /opt/chef-workstation/embedded/lib/ruby/3.0.0/benchmark.rb:293:in `measure'
E, [2022-10-31T16:25:03.414677 #321159] ERROR -- Kitchen: /opt/chef-workstation/embedded/lib/ruby/gems/3.0.0/gems/test-kitchen-3.3.1/lib/kitchen/instance.rb:523:in `action'
E, [2022-10-31T16:25:03.414693 #321159] ERROR -- Kitchen: /opt/chef-workstation/embedded/lib/ruby/gems/3.0.0/gems/test-kitchen-3.3.1/lib/kitchen/instance.rb:414:in `converge_action'
E, [2022-10-31T16:25:03.414704 #321159] ERROR -- Kitchen: /opt/chef-workstation/embedded/lib/ruby/gems/3.0.0/gems/test-kitchen-3.3.1/lib/kitchen/instance.rb:392:in `block (2 levels) in transition_to'
E, [2022-10-31T16:25:03.414715 #321159] ERROR -- Kitchen: /opt/chef-workstation/embedded/lib/ruby/gems/3.0.0/gems/test-kitchen-3.3.1/lib/kitchen/lifecycle_hooks.rb:47:in `run_with_hooks'
E, [2022-10-31T16:25:03.414727 #321159] ERROR -- Kitchen: /opt/chef-workstation/embedded/lib/ruby/gems/3.0.0/gems/test-kitchen-3.3.1/lib/kitchen/instance.rb:391:in `block in transition_to'
E, [2022-10-31T16:25:03.414738 #321159] ERROR -- Kitchen: /opt/chef-workstation/embedded/lib/ruby/gems/3.0.0/gems/test-kitchen-3.3.1/lib/kitchen/instance.rb:390:in `each'
E, [2022-10-31T16:25:03.414754 #321159] ERROR -- Kitchen: /opt/chef-workstation/embedded/lib/ruby/gems/3.0.0/gems/test-kitchen-3.3.1/lib/kitchen/instance.rb:390:in `transition_to'
E, [2022-10-31T16:25:03.414766 #321159] ERROR -- Kitchen: /opt/chef-workstation/embedded/lib/ruby/gems/3.0.0/gems/test-kitchen-3.3.1/lib/kitchen/instance.rb:139:in `converge'
E, [2022-10-31T16:25:03.414777 #321159] ERROR -- Kitchen: /opt/chef-workstation/embedded/lib/ruby/gems/3.0.0/gems/test-kitchen-3.3.1/lib/kitchen/command.rb:195:in `public_send'
E, [2022-10-31T16:25:03.414788 #321159] ERROR -- Kitchen: /opt/chef-workstation/embedded/lib/ruby/gems/3.0.0/gems/test-kitchen-3.3.1/lib/kitchen/command.rb:195:in `run_action_in_thread'
E, [2022-10-31T16:25:03.414800 #321159] ERROR -- Kitchen: /opt/chef-workstation/embedded/lib/ruby/gems/3.0.0/gems/test-kitchen-3.3.1/lib/kitchen/command.rb:166:in `block (2 levels) in run_action'
E, [2022-10-31T16:25:03.414816 #321159] ERROR -- Kitchen: /opt/chef-workstation/embedded/lib/ruby/gems/3.0.0/gems/logging-2.3.1/lib/logging/diagnostic_context.rb:474:in `block in create_with_logging_context'
E, [2022-10-31T16:25:03.414827 #321159] ERROR -- Kitchen: ----End Backtrace-----
E, [2022-10-31T16:25:03.414838 #321159] ERROR -- Kitchen: ---Nested Exception---
E, [2022-10-31T16:25:03.414848 #321159] ERROR -- Kitchen: Class: Kitchen::ActionFailed
E, [2022-10-31T16:25:03.414860 #321159] ERROR -- Kitchen: Message: SSH exited (1) for command: [sh -c '
TEST_KITCHEN="1"; export TEST_KITCHEN
sudo -E /opt/chef/bin/chef-client --local-mode --config /tmp/kitchen/client.rb --log_level auto --force-formatter --no-color --json-attributes /tmp/kitchen/dna.json --chef-zero-port 8889 
']
E, [2022-10-31T16:25:03.414878 #321159] ERROR -- Kitchen: ----------------------
E, [2022-10-31T16:25:03.414890 #321159] ERROR -- Kitchen: ------Backtrace-------
E, [2022-10-31T16:25:03.414903 #321159] ERROR -- Kitchen: /opt/chef-workstation/embedded/lib/ruby/gems/3.0.0/gems/test-kitchen-3.3.1/lib/kitchen/provisioner/base.rb:99:in `rescue in call'
E, [2022-10-31T16:25:03.414914 #321159] ERROR -- Kitchen: /opt/chef-workstation/embedded/lib/ruby/gems/3.0.0/gems/test-kitchen-3.3.1/lib/kitchen/provisioner/base.rb:98:in `call'
E, [2022-10-31T16:25:03.414934 #321159] ERROR -- Kitchen: /opt/chef-workstation/embedded/lib/ruby/gems/3.0.0/gems/test-kitchen-3.3.1/lib/kitchen/instance.rb:419:in `block in converge_action'
E, [2022-10-31T16:25:03.414946 #321159] ERROR -- Kitchen: /opt/chef-workstation/embedded/lib/ruby/gems/3.0.0/gems/test-kitchen-3.3.1/lib/kitchen/instance.rb:563:in `synchronize_or_call'
E, [2022-10-31T16:25:03.414959 #321159] ERROR -- Kitchen: /opt/chef-workstation/embedded/lib/ruby/gems/3.0.0/gems/test-kitchen-3.3.1/lib/kitchen/instance.rb:524:in `block in action'
E, [2022-10-31T16:25:03.414972 #321159] ERROR -- Kitchen: /opt/chef-workstation/embedded/lib/ruby/3.0.0/benchmark.rb:293:in `measure'
E, [2022-10-31T16:25:03.414984 #321159] ERROR -- Kitchen: /opt/chef-workstation/embedded/lib/ruby/gems/3.0.0/gems/test-kitchen-3.3.1/lib/kitchen/instance.rb:523:in `action'
E, [2022-10-31T16:25:03.415012 #321159] ERROR -- Kitchen: /opt/chef-workstation/embedded/lib/ruby/gems/3.0.0/gems/test-kitchen-3.3.1/lib/kitchen/instance.rb:414:in `converge_action'
E, [2022-10-31T16:25:03.415023 #321159] ERROR -- Kitchen: /opt/chef-workstation/embedded/lib/ruby/gems/3.0.0/gems/test-kitchen-3.3.1/lib/kitchen/instance.rb:392:in `block (2 levels) in transition_to'
E, [2022-10-31T16:25:03.415035 #321159] ERROR -- Kitchen: /opt/chef-workstation/embedded/lib/ruby/gems/3.0.0/gems/test-kitchen-3.3.1/lib/kitchen/lifecycle_hooks.rb:47:in `run_with_hooks'
E, [2022-10-31T16:25:03.415046 #321159] ERROR -- Kitchen: /opt/chef-workstation/embedded/lib/ruby/gems/3.0.0/gems/test-kitchen-3.3.1/lib/kitchen/instance.rb:391:in `block in transition_to'
E, [2022-10-31T16:25:03.415067 #321159] ERROR -- Kitchen: /opt/chef-workstation/embedded/lib/ruby/gems/3.0.0/gems/test-kitchen-3.3.1/lib/kitchen/instance.rb:390:in `each'
E, [2022-10-31T16:25:03.415079 #321159] ERROR -- Kitchen: /opt/chef-workstation/embedded/lib/ruby/gems/3.0.0/gems/test-kitchen-3.3.1/lib/kitchen/instance.rb:390:in `transition_to'
E, [2022-10-31T16:25:03.415092 #321159] ERROR -- Kitchen: /opt/chef-workstation/embedded/lib/ruby/gems/3.0.0/gems/test-kitchen-3.3.1/lib/kitchen/instance.rb:139:in `converge'
E, [2022-10-31T16:25:03.415103 #321159] ERROR -- Kitchen: /opt/chef-workstation/embedded/lib/ruby/gems/3.0.0/gems/test-kitchen-3.3.1/lib/kitchen/command.rb:195:in `public_send'
E, [2022-10-31T16:25:03.415119 #321159] ERROR -- Kitchen: /opt/chef-workstation/embedded/lib/ruby/gems/3.0.0/gems/test-kitchen-3.3.1/lib/kitchen/command.rb:195:in `run_action_in_thread'
E, [2022-10-31T16:25:03.415131 #321159] ERROR -- Kitchen: /opt/chef-workstation/embedded/lib/ruby/gems/3.0.0/gems/test-kitchen-3.3.1/lib/kitchen/command.rb:166:in `block (2 levels) in run_action'
E, [2022-10-31T16:25:03.415142 #321159] ERROR -- Kitchen: /opt/chef-workstation/embedded/lib/ruby/gems/3.0.0/gems/logging-2.3.1/lib/logging/diagnostic_context.rb:474:in `block in create_with_logging_context'
E, [2022-10-31T16:25:03.415154 #321159] ERROR -- Kitchen: ----End Backtrace-----
