E, [2022-11-01T12:16:16.445194 #341568] ERROR -- Kitchen: ------Exception-------
E, [2022-11-01T12:16:16.445301 #341568] ERROR -- Kitchen: Class: Kitchen::UserError
E, [2022-11-01T12:16:16.445357 #341568] ERROR -- Kitchen: Message: Kitchen YAML file /home/svrazovski/chef-repo/kitchen.yml does not exist.
E, [2022-11-01T12:16:16.445375 #341568] ERROR -- Kitchen: ----------------------
E, [2022-11-01T12:16:16.445386 #341568] ERROR -- Kitchen: ------Backtrace-------
E, [2022-11-01T12:16:16.445395 #341568] ERROR -- Kitchen: /opt/chef-workstation/embedded/lib/ruby/gems/3.0.0/gems/test-kitchen-3.3.1/lib/kitchen/loader/yaml.rb:65:in `read'
E, [2022-11-01T12:16:16.445422 #341568] ERROR -- Kitchen: /opt/chef-workstation/embedded/lib/ruby/gems/3.0.0/gems/test-kitchen-3.3.1/lib/kitchen/config.rb:153:in `data'
E, [2022-11-01T12:16:16.445431 #341568] ERROR -- Kitchen: /opt/chef-workstation/embedded/lib/ruby/gems/3.0.0/gems/test-kitchen-3.3.1/lib/kitchen/config.rb:131:in `suites'
E, [2022-11-01T12:16:16.445455 #341568] ERROR -- Kitchen: /opt/chef-workstation/embedded/lib/ruby/gems/3.0.0/gems/test-kitchen-3.3.1/lib/kitchen/config.rb:183:in `filter_instances'
E, [2022-11-01T12:16:16.445464 #341568] ERROR -- Kitchen: /opt/chef-workstation/embedded/lib/ruby/gems/3.0.0/gems/test-kitchen-3.3.1/lib/kitchen/config.rb:142:in `build_instances'
E, [2022-11-01T12:16:16.445475 #341568] ERROR -- Kitchen: /opt/chef-workstation/embedded/lib/ruby/gems/3.0.0/gems/test-kitchen-3.3.1/lib/kitchen/config.rb:116:in `instances'
E, [2022-11-01T12:16:16.445484 #341568] ERROR -- Kitchen: /opt/chef-workstation/embedded/lib/ruby/gems/3.0.0/gems/test-kitchen-3.3.1/lib/kitchen/command.rb:109:in `filtered_instances'
E, [2022-11-01T12:16:16.445496 #341568] ERROR -- Kitchen: /opt/chef-workstation/embedded/lib/ruby/gems/3.0.0/gems/test-kitchen-3.3.1/lib/kitchen/command.rb:139:in `parse_subcommand'
E, [2022-11-01T12:16:16.445505 #341568] ERROR -- Kitchen: /opt/chef-workstation/embedded/lib/ruby/gems/3.0.0/gems/test-kitchen-3.3.1/lib/kitchen/command/login.rb:28:in `call'
E, [2022-11-01T12:16:16.445514 #341568] ERROR -- Kitchen: /opt/chef-workstation/embedded/lib/ruby/gems/3.0.0/gems/test-kitchen-3.3.1/lib/kitchen/cli.rb:52:in `perform'
E, [2022-11-01T12:16:16.445525 #341568] ERROR -- Kitchen: /opt/chef-workstation/embedded/lib/ruby/gems/3.0.0/gems/test-kitchen-3.3.1/lib/kitchen/cli.rb:257:in `login'
E, [2022-11-01T12:16:16.445534 #341568] ERROR -- Kitchen: /opt/chef-workstation/embedded/lib/ruby/gems/3.0.0/gems/thor-1.2.1/lib/thor/command.rb:27:in `run'
E, [2022-11-01T12:16:16.445547 #341568] ERROR -- Kitchen: /opt/chef-workstation/embedded/lib/ruby/gems/3.0.0/gems/thor-1.2.1/lib/thor/invocation.rb:127:in `invoke_command'
E, [2022-11-01T12:16:16.445580 #341568] ERROR -- Kitchen: /opt/chef-workstation/embedded/lib/ruby/gems/3.0.0/gems/thor-1.2.1/lib/thor.rb:392:in `dispatch'
E, [2022-11-01T12:16:16.445597 #341568] ERROR -- Kitchen: /opt/chef-workstation/embedded/lib/ruby/gems/3.0.0/gems/thor-1.2.1/lib/thor/base.rb:485:in `start'
E, [2022-11-01T12:16:16.445607 #341568] ERROR -- Kitchen: /opt/chef-workstation/embedded/lib/ruby/gems/3.0.0/gems/test-kitchen-3.3.1/bin/kitchen:11:in `block in <top (required)>'
E, [2022-11-01T12:16:16.445616 #341568] ERROR -- Kitchen: /opt/chef-workstation/embedded/lib/ruby/gems/3.0.0/gems/test-kitchen-3.3.1/lib/kitchen/errors.rb:183:in `with_friendly_errors'
E, [2022-11-01T12:16:16.445624 #341568] ERROR -- Kitchen: /opt/chef-workstation/embedded/lib/ruby/gems/3.0.0/gems/test-kitchen-3.3.1/bin/kitchen:11:in `<top (required)>'
E, [2022-11-01T12:16:16.445633 #341568] ERROR -- Kitchen: /opt/chef-workstation/bin/kitchen:389:in `load'
E, [2022-11-01T12:16:16.445643 #341568] ERROR -- Kitchen: /opt/chef-workstation/bin/kitchen:389:in `<main>'
E, [2022-11-01T12:16:16.445652 #341568] ERROR -- Kitchen: ----End Backtrace-----
